[2014-09-28 09:53:26] START
[2014-09-28 09:53:35] CREATE db1.py: 0
[2014-09-28 10:06:37] EDIT bcon_clone/models/db1.py: 11
[2014-09-28 10:19:19] EDIT bcon_clone/controllers/default.py: 8
[2014-09-28 10:19:22] EDIT bcon_clone/models/db1.py: 0
[2014-09-28 10:19:41] CREATE default/edit_profile.html: 0
[2014-09-28 10:20:32] EDIT bcon_clone/views/default/edit_profile.html: 2
[2014-09-28 10:24:34] CREATE default/view_profile.html: 0
[2014-09-28 10:25:41] EDIT bcon_clone/views/default/view_profile.html: 0
[2014-09-28 10:35:03] EDIT bcon_clone/controllers/default.py: -7
[2014-09-28 10:35:40] EDIT bcon_clone/controllers/default.py: 2
[2014-09-28 10:39:53] EDIT bcon_clone/views/default/view_profile.html: 2
[2014-09-28 10:40:51] EDIT bcon_clone/views/default/view_profile.html: -2
[2014-09-28 10:40:57] EDIT bcon_clone/controllers/default.py: 0
[2014-09-28 10:44:08] EDIT bcon_clone/controllers/default.py: 0
[2014-09-28 10:47:15] EDIT bcon_clone/views/default/view_profile.html: 5
[2014-09-28 10:47:34] EDIT bcon_clone/views/default/view_profile.html: 0
[2014-09-28 10:48:00] EDIT bcon_clone/views/default/view_profile.html: 0
[2014-09-28 10:48:47] EDIT bcon_clone/views/default/view_profile.html: 0
[2014-09-28 10:56:20] EDIT bcon_clone/views/default/view_profile.html: 2
[2014-09-28 10:56:36] EDIT bcon_clone/views/default/view_profile.html: 0
[2014-09-28 10:56:51] EDIT bcon_clone/views/default/view_profile.html: 0
[2014-09-28 10:56:57] EDIT bcon_clone/views/default/view_profile.html: 0
[2014-09-28 10:57:56] EDIT bcon_clone/views/default/view_profile.html: 7
[2014-09-28 11:01:26] EDIT bcon_clone/views/default/view_profile.html: 9
[2014-09-28 11:01:50] EDIT bcon_clone/views/default/view_profile.html: 0
[2014-09-28 11:04:23] EDIT bcon_clone/views/default/view_profile.html: 0
[2014-09-28 11:10:09] EDIT bcon_clone/controllers/default.py: 0
[2014-09-28 11:12:30] EDIT bcon_clone/models/db1.py: 3
[2014-09-28 12:48:15] EDIT bcon_clone/models/db1.py: 1
[2014-09-28 12:48:24] EDIT bcon_clone/models/db1.py: 0
[2014-09-28 12:49:01] EDIT bcon_clone/models/db1.py: 0
[2014-09-28 12:49:48] EDIT bcon_clone/models/db1.py: 0
[2014-09-28 12:57:00] EDIT bcon_clone/models/db1.py: 1
[2014-09-28 12:57:42] EDIT bcon_clone/models/db1.py: -4
[2014-09-28 12:58:06] EDIT bcon_clone/models/db1.py: 0
[2014-09-28 12:59:18] EDIT bcon_clone/models/db1.py: 0
[2014-09-28 13:04:14] CREATE default/create_qr.html: 0
[2014-09-28 13:05:10] EDIT bcon_clone/models/db1.py: 4
[2014-09-28 13:12:18] EDIT bcon_clone/models/db1.py: 0
[2014-09-28 15:42:17] EDIT bcon_clone/models/db1.py: -3
[2014-09-28 15:42:40] EDIT bcon_clone/models/db1.py: 0
[2014-09-28 15:43:06] EDIT bcon_clone/models/db1.py: 0
[2014-09-28 15:43:37] EDIT bcon_clone/models/db1.py: 0
[2014-09-28 15:46:30] EDIT bcon_clone/controllers/default.py: 5
[2014-09-28 15:49:04] EDIT bcon_clone/views/default/edit_profile.html: 4
[2014-09-28 15:49:51] EDIT bcon_clone/views/default/edit_profile.html: 2
[2014-09-28 15:50:20] EDIT bcon_clone/controllers/default.py: 0
[2014-09-28 15:50:23] EDIT bcon_clone/models/db1.py: 0
[2014-09-28 16:08:08] EDIT bcon_clone/views/default/edit_profile.html: 1
[2014-09-28 16:13:48] EDIT bcon_clone/views/default/edit_profile.html: 0
[2014-09-28 16:13:49] EDIT bcon_clone/controllers/default.py: -3
[2014-09-28 16:14:56] EDIT bcon_clone/views/default/edit_profile.html: -4
[2014-09-28 16:15:10] EDIT bcon_clone/controllers/default.py: 0
[2014-09-28 16:15:12] EDIT bcon_clone/views/default/edit_profile.html: 0
[2014-09-28 16:23:22] EDIT bcon_clone/controllers/default.py: 3
[2014-09-28 16:23:37] EDIT bcon_clone/views/default/edit_profile.html: 1
[2014-09-28 16:24:54] EDIT bcon_clone/views/default/edit_profile.html: 0
[2014-09-28 16:25:41] EDIT bcon_clone/models/db1.py: 0
[2014-09-28 16:26:38] EDIT bcon_clone/controllers/default.py: 1
[2014-09-28 16:26:41] EDIT bcon_clone/views/default/edit_profile.html: 0
[2014-09-28 16:30:09] EDIT bcon_clone/controllers/default.py: 0
[2014-09-28 16:30:11] EDIT bcon_clone/views/default/edit_profile.html: 0
[2014-09-28 16:31:17] EDIT bcon_clone/controllers/default.py: 1
[2014-09-28 16:32:57] EDIT bcon_clone/controllers/default.py: -2
[2014-09-28 16:33:22] EDIT bcon_clone/controllers/default.py: 1
[2014-09-28 16:40:07] EDIT bcon_clone/models/db1.py: 0
[2014-09-28 16:40:20] EDIT bcon_clone/controllers/default.py: -1
[2014-09-28 16:40:24] EDIT bcon_clone/views/default/edit_profile.html: 0
[2014-09-28 16:40:41] EDIT bcon_clone/controllers/default.py: 1
[2014-09-28 16:48:35] EDIT bcon_clone/controllers/default.py: -1
[2014-09-28 16:48:44] EDIT bcon_clone/controllers/default.py: 1
[2014-09-28 16:49:05] EDIT bcon_clone/controllers/default.py: 0
[2014-09-28 16:52:24] EDIT bcon_clone/controllers/default.py: 2
[2014-09-28 16:52:37] EDIT bcon_clone/controllers/default.py: -1
[2014-09-28 16:58:00] EDIT bcon_clone/controllers/default.py: -2
[2014-09-28 17:07:39] EDIT bcon_clone/controllers/default.py: -4
[2014-09-28 17:08:14] EDIT bcon_clone/controllers/default.py: 0
[2014-09-28 17:08:36] EDIT bcon_clone/controllers/default.py: 1
[2014-09-28 17:09:02] EDIT bcon_clone/controllers/default.py: -1
[2014-09-28 17:09:07] EDIT bcon_clone/views/default/edit_profile.html: -4
[2014-09-28 17:09:40] EDIT bcon_clone/models/db1.py: 5
[2014-09-28 17:09:54] EDIT bcon_clone/models/db1.py: 0
[2014-09-28 17:11:34] EDIT bcon_clone/models/db1.py: 0
[2014-09-28 17:11:53] EDIT bcon_clone/models/db1.py: 0
[2014-09-28 17:12:04] EDIT bcon_clone/models/db1.py: 0
[2014-09-28 17:15:06] EDIT bcon_clone/controllers/default.py: 0
[2014-09-28 17:16:59] EDIT bcon_clone/controllers/default.py: 0
[2014-09-28 17:21:40] EDIT bcon_clone/models/db.py: 2
[2014-09-28 17:21:48] EDIT bcon_clone/models/db.py: 0
[2014-09-28 17:27:33] EDIT bcon_clone/controllers/default.py: 3
[2014-09-28 17:28:01] EDIT bcon_clone/controllers/default.py: 0
[2014-09-28 17:36:31] EDIT bcon_clone/models/db1.py: -5
[2014-09-28 17:37:06] EDIT bcon_clone/models/db1.py: 0
[2014-09-28 17:38:09] EDIT bcon_clone/models/db1.py: 5
[2014-09-28 18:02:56] EDIT bcon_clone/controllers/default.py: 1
[2014-09-28 18:04:22] EDIT bcon_clone/controllers/default.py: 0
[2014-09-28 18:09:01] EDIT bcon_clone/controllers/default.py: -1
[2014-09-28 18:12:35] EDIT bcon_clone/controllers/default.py: 3
[2014-09-28 18:13:05] EDIT bcon_clone/controllers/default.py: 0
[2014-09-28 18:13:16] EDIT bcon_clone/controllers/default.py: 0
[2014-09-28 18:13:23] EDIT bcon_clone/controllers/default.py: 0
[2014-09-28 18:16:09] EDIT bcon_clone/controllers/default.py: 0
[2014-09-29 15:09:12] EDIT bcon_clone/models/db1.py: -18
[2014-09-29 15:09:31] EDIT bcon_clone/controllers/default.py: -14
[2014-09-29 15:10:01] EDIT bcon_clone/views/default/edit_profile.html: 0
[2014-09-29 15:10:10] EDIT bcon_clone/views/default/view_profile.html: 2
[2014-09-29 15:10:24] EDIT bcon_clone/controllers/default.py: -1
[2014-09-29 15:19:50] EDIT bcon_clone/models/db1.py: 13
[2014-09-29 15:20:02] EDIT bcon_clone/models/db1.py: 0
[2014-09-29 19:33:17] EDIT bcon_clone/models/db1.py: -12
[2014-09-29 19:33:33] EDIT bcon_clone/models/db1.py: -1
[2014-09-29 19:33:50] EDIT bcon_clone/models/db1.py: 14
[2014-09-29 19:34:05] EDIT bcon_clone/models/db1.py: -14
[2014-09-29 19:34:08] EDIT bcon_clone/models/db1.py: 0
[2014-09-29 19:36:04] EDIT bcon_clone/controllers/default.py: 6
[2014-09-29 19:36:20] EDIT bcon_clone/views/default/edit_profile.html: 0
[2014-09-29 19:36:55] EDIT bcon_clone/controllers/default.py: -1
[2014-09-29 19:38:19] EDIT bcon_clone/views/default/edit_profile.html: 3
[2014-09-29 19:38:55] EDIT bcon_clone/views/default/edit_profile.html: 0
[2014-09-29 19:45:38] EDIT bcon_clone/models/db1.py: 13
[2014-09-30 19:43:49] EDIT bcon_clone/views/default/edit_profile.html: 0
[2014-09-30 19:44:03] EDIT bcon_clone/views/default/edit_profile.html: 0
[2014-09-30 19:44:13] EDIT bcon_clone/views/default/edit_profile.html: 0
[2014-09-30 19:44:30] EDIT bcon_clone/views/default/edit_profile.html: -3
[2014-10-01 20:54:40] EDIT bcon_clone/models/db1.py: -1
[2014-10-01 20:57:36] EDIT bcon_clone/controllers/default.py: 3
[2014-10-01 20:57:44] EDIT bcon_clone/controllers/default.py: 0
[2014-10-01 20:58:14] EDIT bcon_clone/controllers/default.py: 1
[2014-10-01 20:59:46] EDIT bcon_clone/models/db1.py: 1
[2014-10-01 20:59:59] EDIT bcon_clone/models/db1.py: 0
[2014-10-01 21:00:33] EDIT bcon_clone/controllers/default.py: 1
[2014-10-01 21:01:01] EDIT bcon_clone/views/default/view_profile.html: 1
[2014-10-01 21:01:20] EDIT bcon_clone/views/default/view_profile.html: 0
[2014-10-01 21:03:22] EDIT bcon_clone/controllers/default.py: 0
[2014-10-01 21:03:45] EDIT bcon_clone/controllers/default.py: 0
[2014-10-01 21:35:36] EDIT bcon_clone/controllers/default.py: 0
[2014-10-01 21:37:08] EDIT bcon_clone/controllers/default.py: 1
[2014-10-01 21:44:36] EDIT bcon_clone/controllers/default.py: 0
[2014-10-01 21:46:29] EDIT bcon_clone/controllers/default.py: -1
[2014-10-01 21:49:15] EDIT bcon_clone/controllers/default.py: 1
[2014-10-01 21:49:18] EDIT bcon_clone/controllers/default.py: 0
[2014-10-01 21:49:19] EDIT bcon_clone/controllers/default.py: 0
[2014-10-01 21:50:01] EDIT bcon_clone/models/db1.py: 1
[2014-10-01 21:50:18] EDIT bcon_clone/models/db1.py: 0
[2014-10-01 21:50:25] EDIT bcon_clone/models/db1.py: 0
[2014-10-01 21:50:26] EDIT bcon_clone/models/db1.py: -1
[2014-10-01 21:51:37] EDIT bcon_clone/models/db1.py: 0
[2014-10-01 21:51:50] EDIT bcon_clone/models/db1.py: 1
[2014-10-01 21:51:56] EDIT bcon_clone/models/db1.py: -1
[2014-10-01 22:03:38] EDIT bcon_clone/controllers/default.py: 1
[2014-10-01 22:03:57] EDIT bcon_clone/controllers/default.py: 0
[2014-10-01 22:04:15] EDIT bcon_clone/controllers/default.py: 0
[2014-10-01 22:05:29] EDIT bcon_clone/controllers/default.py: -1
[2014-10-01 22:07:40] EDIT bcon_clone/models/db1.py: 5
[2014-10-01 22:09:23] EDIT bcon_clone/controllers/default.py: 0
[2014-10-01 22:10:08] EDIT bcon_clone/models/db1.py: 1
[2014-10-01 22:10:22] EDIT bcon_clone/models/db1.py: -1
[2014-10-01 22:10:45] EDIT bcon_clone/controllers/default.py: 0
[2014-10-01 22:13:45] EDIT bcon_clone/controllers/default.py: 1
[2014-10-01 22:13:50] EDIT bcon_clone/controllers/default.py: 0
[2014-10-01 22:19:28] EDIT bcon_clone/controllers/default.py: 0
[2014-10-01 22:20:52] CREATE default/create_profile.html: 0
[2014-10-01 22:21:58] EDIT bcon_clone/views/default/create_profile.html: 5
[2014-10-01 22:22:28] EDIT bcon_clone/views/default/create_profile.html: 2
[2014-10-01 22:24:15] EDIT bcon_clone/views/default/create_profile.html: 0
[2014-10-01 22:24:48] EDIT bcon_clone/views/default/create_profile.html: 0
[2014-10-01 22:25:18] EDIT bcon_clone/views/default/create_profile.html: 0
[2014-10-01 22:26:24] EDIT bcon_clone/views/default/create_profile.html: 0
[2014-10-01 22:26:45] EDIT bcon_clone/models/db1.py: 0
[2014-10-01 22:27:04] EDIT bcon_clone/models/db1.py: 0
[2014-10-01 22:29:29] EDIT bcon_clone/controllers/default.py: 4
[2014-10-01 22:29:39] EDIT bcon_clone/controllers/default.py: 0
[2014-10-01 22:31:48] EDIT bcon_clone/controllers/default.py: 4
[2014-10-01 22:32:02] EDIT bcon_clone/controllers/default.py: 0
[2014-10-01 22:33:03] EDIT bcon_clone/controllers/default.py: 1
[2014-10-01 22:33:09] EDIT bcon_clone/controllers/default.py: 1
[2014-10-01 22:33:39] CREATE default/logged_in.html: 0
[2014-10-01 22:34:44] EDIT bcon_clone/views/default/logged_in.html: -1
[2014-10-01 22:34:46] EDIT bcon_clone/views/default/logged_in.html: 0
[2014-10-01 22:34:50] EDIT bcon_clone/controllers/default.py: -1
[2014-10-01 22:35:00] EDIT bcon_clone/controllers/default.py: 1
[2014-10-01 22:35:25] EDIT bcon_clone/controllers/default.py: 0
[2014-10-01 22:37:00] EDIT bcon_clone/controllers/default.py: 0
[2014-10-01 22:37:19] EDIT bcon_clone/controllers/default.py: 0
[2014-10-01 22:37:24] EDIT bcon_clone/controllers/default.py: 0
[2014-10-01 22:37:34] EDIT bcon_clone/controllers/default.py: 0
[2014-10-01 22:37:40] EDIT bcon_clone/controllers/default.py: 0
[2014-10-01 22:38:39] EDIT bcon_clone/views/default/logged_in.html: 1
[2014-10-01 22:39:26] EDIT bcon_clone/controllers/default.py: 0
[2014-10-01 22:39:39] EDIT bcon_clone/controllers/default.py: 0
[2014-10-01 22:42:04] EDIT bcon_clone/views/default/logged_in.html: 1
[2014-10-01 22:42:30] EDIT bcon_clone/views/default/logged_in.html: 0
[2014-10-01 22:43:56] EDIT bcon_clone/views/default/logged_in.html: 3
[2014-10-01 22:44:02] EDIT bcon_clone/views/default/logged_in.html: 0
[2014-10-01 22:45:05] EDIT bcon_clone/views/default/logged_in.html: 0
[2014-10-01 22:45:28] EDIT bcon_clone/controllers/default.py: 0
[2014-10-01 22:45:46] EDIT bcon_clone/views/default/view_profile.html: -3
[2014-10-01 22:45:59] EDIT bcon_clone/controllers/default.py: 0
[2014-10-01 22:46:31] EDIT bcon_clone/views/default/view_profile.html: 0
[2014-10-01 22:46:47] EDIT bcon_clone/views/default/view_profile.html: 0
[2014-10-01 22:47:40] EDIT bcon_clone/controllers/default.py: 5
[2014-10-01 22:49:40] EDIT bcon_clone/controllers/default.py: 1
[2014-10-01 22:50:09] EDIT bcon_clone/views/default/edit_profile.html: 0
[2014-10-01 22:50:36] EDIT bcon_clone/controllers/default.py: 0
[2014-10-01 22:52:45] EDIT bcon_clone/controllers/default.py: 0
[2014-10-01 22:54:06] EDIT bcon_clone/controllers/default.py: 0
[2014-10-01 22:56:21] EDIT bcon_clone/controllers/default.py: 0
[2014-10-01 22:57:46] EDIT bcon_clone/controllers/default.py: 2
[2014-10-01 22:57:58] EDIT bcon_clone/controllers/default.py: 0
[2014-10-01 22:58:55] EDIT bcon_clone/controllers/default.py: 0
[2014-10-01 22:59:01] EDIT bcon_clone/controllers/default.py: 0
[2014-10-01 23:00:07] EDIT bcon_clone/views/default/view_profile.html: 3
[2014-10-01 23:00:21] EDIT bcon_clone/views/default/view_profile.html: 0
[2014-10-01 23:00:42] EDIT bcon_clone/views/default/view_profile.html: -1
[2014-10-01 23:00:49] EDIT bcon_clone/views/default/view_profile.html: 0
[2014-10-01 23:01:05] EDIT bcon_clone/views/default/view_profile.html: 0
[2014-10-01 23:03:34] EDIT bcon_clone/views/default/view_profile.html: 0
[2014-10-01 23:03:47] EDIT bcon_clone/views/default/view_profile.html: 0
[2014-10-01 23:03:55] EDIT bcon_clone/views/default/view_profile.html: 0
[2014-10-01 23:04:01] EDIT bcon_clone/views/default/view_profile.html: 0
[2014-10-01 23:04:55] EDIT bcon_clone/views/default/view_profile.html: 0
[2014-10-01 23:05:22] EDIT bcon_clone/views/default/view_profile.html: 0
[2014-10-01 23:05:40] EDIT bcon_clone/views/default/view_profile.html: 0
[2014-10-01 23:05:47] EDIT bcon_clone/views/default/view_profile.html: 0
[2014-10-01 23:05:58] EDIT bcon_clone/views/default/view_profile.html: 0
[2014-10-01 23:06:06] EDIT bcon_clone/views/default/view_profile.html: 0
[2014-10-01 23:07:26] EDIT bcon_clone/views/default/view_profile.html: 0
[2014-10-01 23:07:34] EDIT bcon_clone/views/default/view_profile.html: 0
[2014-10-01 23:07:41] EDIT bcon_clone/views/default/view_profile.html: 0
[2014-10-01 23:08:45] EDIT bcon_clone/views/default/edit_profile.html: 1
[2014-10-01 23:08:56] EDIT bcon_clone/views/default/edit_profile.html: 0
[2014-10-01 23:09:20] EDIT bcon_clone/views/default/edit_profile.html: 0
[2014-10-01 23:09:51] EDIT bcon_clone/views/default/edit_profile.html: 0
[2014-10-01 23:10:31] EDIT bcon_clone/views/default/edit_profile.html: 0
[2014-10-01 23:10:58] EDIT bcon_clone/views/default/edit_profile.html: 1
[2014-10-01 23:12:28] EDIT bcon_clone/views/default/logged_in.html: 0
[2014-10-01 23:14:34] EDIT bcon_clone/views/default/logged_in.html: 3
[2014-10-01 23:16:36] EDIT bcon_clone/views/default/logged_in.html: 0
[2014-10-01 23:16:53] EDIT bcon_clone/views/default/logged_in.html: 0
[2014-10-01 23:17:12] EDIT bcon_clone/views/default/logged_in.html: 0
[2014-10-01 23:17:28] EDIT bcon_clone/views/default/logged_in.html: 0
[2014-10-01 23:17:29] EDIT bcon_clone/views/default/logged_in.html: 0
[2014-10-01 23:18:26] EDIT bcon_clone/controllers/default.py: 1
[2014-10-01 23:19:12] EDIT bcon_clone/controllers/default.py: 3
[2014-10-01 23:19:17] EDIT bcon_clone/controllers/default.py: 0
[2014-10-01 23:19:59] EDIT bcon_clone/controllers/default.py: 1
[2014-10-01 23:21:45] EDIT bcon_clone/controllers/default.py: 2
[2014-10-01 23:22:08] EDIT bcon_clone/controllers/default.py: 1
[2014-10-01 23:22:17] EDIT bcon_clone/controllers/default.py: 1
[2014-10-01 23:22:27] EDIT bcon_clone/controllers/default.py: -2
[2014-10-01 23:25:36] EDIT bcon_clone/views/default/logged_in.html: 0
[2014-10-01 23:28:09] EDIT bcon_clone/views/default/logged_in.html: 0
[2014-10-01 23:28:19] EDIT bcon_clone/views/default/logged_in.html: 0
[2014-10-01 23:28:31] EDIT bcon_clone/views/default/logged_in.html: 0
[2014-10-01 23:28:39] EDIT bcon_clone/views/default/logged_in.html: 0
[2014-10-01 23:28:41] EDIT bcon_clone/views/default/logged_in.html: 0
[2014-10-01 23:29:15] EDIT bcon_clone/views/default/logged_in.html: 0
[2014-10-01 23:30:16] EDIT bcon_clone/views/default/edit_profile.html: 0
[2014-10-01 23:30:25] EDIT bcon_clone/views/default/view_profile.html: 1
[2014-10-01 23:30:52] EDIT bcon_clone/views/default/logged_in.html: 0
[2014-10-01 23:31:45] EDIT bcon_clone/views/default/logged_in.html: 0
[2014-10-01 23:32:08] DELETE bcon_clone/views/default/create_profile.html.1: -10
[2014-10-01 23:32:13] DELETE bcon_clone/views/default/logged_in.html.1: -3
[2014-10-01 23:32:24] DELETE bcon_clone/views/default/view_profile.html.1: -28
[2014-10-01 23:40:55] EDIT bcon_clone/models/db1.py: 0
[2014-10-01 23:50:25] EDIT bcon_clone/controllers/default.py: 2
[2014-10-01 23:51:02] EDIT bcon_clone/controllers/default.py: 2
[2014-10-01 23:52:12] EDIT bcon_clone/controllers/default.py: 1
[2014-10-01 23:53:49] EDIT bcon_clone/views/default/create_qr.html: 3
[2014-10-01 23:54:30] EDIT bcon_clone/views/default/create_qr.html: 1
[2014-10-02 00:05:19] EDIT bcon_clone/controllers/default.py: 0
[2014-10-02 00:12:54] EDIT bcon_clone/controllers/default.py: 2
[2014-10-02 00:16:54] EDIT bcon_clone/views/default/create_qr.html: 1
[2014-10-02 00:21:53] EDIT bcon_clone/controllers/default.py: 0
[2014-10-02 00:42:35] EDIT bcon_clone/controllers/default.py: 2
[2014-10-02 00:43:02] CREATE default/scan.html: 0
[2014-10-02 00:44:35] EDIT bcon_clone/controllers/default.py: 4
[2014-10-02 00:45:05] EDIT bcon_clone/controllers/default.py: 0
[2014-10-02 00:45:06] EDIT bcon_clone/models/db1.py: 0
[2014-10-02 00:46:43] EDIT bcon_clone/views/default/scan.html: 33
[2014-10-02 00:46:52] EDIT bcon_clone/views/default/scan.html: 0
[2014-10-02 00:47:16] EDIT bcon_clone/views/default/scan.html: 3
[2014-10-02 00:47:58] EDIT bcon_clone/controllers/default.py: 1
[2014-10-02 00:50:43] EDIT bcon_clone/views/default/create_qr.html: 1
[2014-10-02 00:52:19] EDIT bcon_clone/controllers/default.py: -1
[2014-10-02 00:52:49] EDIT bcon_clone/views/default/create_qr.html: -1
[2014-10-02 00:52:57] EDIT bcon_clone/views/default/create_qr.html: -2
[2014-10-02 00:53:03] EDIT bcon_clone/views/default/create_qr.html: 0
[2014-10-02 00:53:10] EDIT bcon_clone/views/default/create_qr.html: 0
[2014-10-02 00:56:35] EDIT bcon_clone/models/db1.py: 0
[2014-10-02 15:49:23] EDIT bcon_clone/views/default/logged_in.html: 0
[2014-10-02 15:52:04] EDIT bcon_clone/views/default/logged_in.html: 3
[2014-10-02 15:52:31] EDIT bcon_clone/views/default/logged_in.html: 0
[2014-10-02 15:56:51] EDIT bcon_clone/views/default/logged_in.html: 22
[2014-10-02 15:58:01] EDIT bcon_clone/views/default/logged_in.html: 0
[2014-10-02 15:59:10] EDIT bcon_clone/views/default/logged_in.html: 0
[2014-10-02 16:03:10] EDIT bcon_clone/views/default/logged_in.html: 1
[2014-10-02 16:03:22] EDIT bcon_clone/views/default/logged_in.html: 0
[2014-10-02 16:03:25] EDIT bcon_clone/views/default/logged_in.html: 0
[2014-10-02 16:09:18] EDIT bcon_clone/views/default/logged_in.html: 0
[2014-10-02 16:15:39] EDIT bcon_clone/views/default/logged_in.html: -1
[2014-10-02 16:15:57] EDIT bcon_clone/views/default/logged_in.html: 2
[2014-10-02 16:16:21] EDIT bcon_clone/views/default/logged_in.html: 0
[2014-10-02 16:16:52] EDIT bcon_clone/views/default/logged_in.html: -2
[2014-10-02 16:17:41] EDIT bcon_clone/views/default/logged_in.html: 0
[2014-10-02 16:18:24] EDIT bcon_clone/views/default/logged_in.html: 0
[2014-10-02 16:18:34] EDIT bcon_clone/views/default/logged_in.html: 0
[2014-10-02 16:18:49] EDIT bcon_clone/views/default/logged_in.html: 0
[2014-10-02 16:19:31] EDIT bcon_clone/views/default/logged_in.html: 0
[2014-10-02 16:19:47] EDIT bcon_clone/views/default/logged_in.html: 0
[2014-10-02 16:20:55] EDIT bcon_clone/views/default/logged_in.html: -16
[2014-10-02 16:21:02] EDIT bcon_clone/views/default/logged_in.html: 0
[2014-10-02 16:23:15] EDIT bcon_clone/views/default/logged_in.html: 4
[2014-10-02 16:24:14] EDIT bcon_clone/views/default/logged_in.html: -1
[2014-10-02 16:24:15] EDIT bcon_clone/views/default/logged_in.html: 0
[2014-10-02 16:24:29] EDIT bcon_clone/views/default/logged_in.html: 1
[2014-10-02 16:24:38] EDIT bcon_clone/views/default/logged_in.html: 0
[2014-10-02 16:25:16] EDIT bcon_clone/views/default/logged_in.html: 9
[2014-10-02 16:25:29] EDIT bcon_clone/views/default/logged_in.html: -1
[2014-10-02 16:25:46] EDIT bcon_clone/views/default/logged_in.html: -2
[2014-10-02 16:30:45] EDIT bcon_clone/views/default/logged_in.html: 9
[2014-10-02 16:32:13] EDIT bcon_clone/views/default/logged_in.html: 0
[2014-10-02 16:32:35] EDIT bcon_clone/views/default/logged_in.html: 0
[2014-10-02 16:32:50] EDIT bcon_clone/views/default/logged_in.html: 0
[2014-10-02 16:39:00] EDIT bcon_clone/views/default/logged_in.html: 8
[2014-10-02 16:42:43] EDIT bcon_clone/views/default/logged_in.html: 0
[2014-10-02 16:43:51] EDIT bcon_clone/views/default/logged_in.html: 0
[2014-10-02 16:45:30] EDIT bcon_clone/views/default/logged_in.html: 0
[2014-10-02 16:47:57] EDIT bcon_clone/views/default/logged_in.html: 2
[2014-10-02 16:48:20] EDIT bcon_clone/views/default/logged_in.html: 1
[2014-10-02 16:48:33] EDIT bcon_clone/views/default/logged_in.html: 0
[2014-10-02 16:49:22] EDIT bcon_clone/views/default/logged_in.html: 0
[2014-10-02 16:50:17] EDIT bcon_clone/views/default/logged_in.html: 0
[2014-10-02 16:51:15] EDIT bcon_clone/views/default/logged_in.html: 6
[2014-10-02 16:51:49] EDIT bcon_clone/views/default/logged_in.html: 0
[2014-10-02 16:52:32] EDIT bcon_clone/views/default/edit_profile.html: -1
[2014-10-02 16:52:41] EDIT bcon_clone/views/default/edit_profile.html: 0
[2014-10-02 16:52:52] EDIT bcon_clone/views/default/edit_profile.html: 0
[2014-10-02 16:53:21] EDIT bcon_clone/views/default/create_profile.html: 1
[2014-10-02 16:53:47] EDIT bcon_clone/views/default/edit_profile.html: 5
[2014-10-02 16:54:00] EDIT bcon_clone/views/default/create_profile.html: 0
[2014-10-02 16:54:18] EDIT bcon_clone/views/default/create_profile.html: 0
[2014-10-02 16:54:33] EDIT bcon_clone/views/default/create_profile.html: 0
[2014-10-02 16:54:40] EDIT bcon_clone/views/default/create_profile.html: 0
[2014-10-02 16:54:47] EDIT bcon_clone/views/default/create_profile.html: 1
[2014-10-02 16:54:57] EDIT bcon_clone/views/default/create_profile.html: -1
[2014-10-02 16:55:07] EDIT bcon_clone/views/default/create_profile.html: 0
[2014-10-02 16:55:15] EDIT bcon_clone/views/default/create_profile.html: 0
[2014-10-02 16:55:46] EDIT bcon_clone/views/default/view_profile.html: -2
[2014-10-02 16:55:53] EDIT bcon_clone/views/default/view_profile.html: 0
[2014-10-02 16:56:40] EDIT bcon_clone/views/default/create_qr.html: 1
[2014-10-02 16:57:07] EDIT bcon_clone/views/default/create_qr.html: 1
[2014-10-02 16:57:13] EDIT bcon_clone/views/default/create_qr.html: 0
[2014-10-02 16:57:27] EDIT bcon_clone/views/default/create_qr.html: 0
[2014-10-02 16:57:30] EDIT bcon_clone/views/default/create_qr.html: 0
[2014-10-02 16:58:26] EDIT bcon_clone/controllers/default.py: 0
[2014-10-02 17:00:02] EDIT bcon_clone/controllers/default.py: 2
[2014-10-02 17:00:09] EDIT bcon_clone/controllers/default.py: 0
[2014-10-02 17:00:43] EDIT bcon_clone/controllers/default.py: 0
[2014-10-02 17:00:59] EDIT bcon_clone/controllers/default.py: 0
[2014-10-02 17:02:19] EDIT bcon_clone/views/default/create_qr.html: 3
[2014-10-02 17:02:52] EDIT bcon_clone/views/default/create_qr.html: 0
[2014-10-02 17:03:00] EDIT bcon_clone/views/default/create_qr.html: 0
[2014-10-02 17:03:36] EDIT bcon_clone/views/default/create_qr.html: 2
[2014-10-02 17:05:15] EDIT bcon_clone/views/default/create_qr.html: 0
[2014-10-02 17:05:55] EDIT bcon_clone/views/default/create_qr.html: 0
[2014-10-02 17:06:50] EDIT bcon_clone/views/default/create_qr.html: 0
[2014-10-02 17:07:00] EDIT bcon_clone/views/default/create_qr.html: 1
[2014-10-02 17:07:09] EDIT bcon_clone/views/default/create_qr.html: -2
[2014-10-02 17:07:35] EDIT bcon_clone/views/default/create_qr.html: 0
[2014-10-02 17:07:41] EDIT bcon_clone/views/default/create_qr.html: 0
[2014-10-02 17:07:47] EDIT bcon_clone/views/default/create_qr.html: 0
[2014-10-02 17:09:34] EDIT bcon_clone/controllers/default.py: 4
[2014-10-02 17:10:29] EDIT bcon_clone/views/default/create_qr.html: 1
[2014-10-02 17:10:30] EDIT bcon_clone/views/default/create_qr.html: 0
[2014-10-02 17:15:01] EDIT bcon_clone/views/default/create_qr.html: 2
[2014-10-02 17:15:34] EDIT bcon_clone/views/default/create_qr.html: 0
[2014-10-02 17:16:04] EDIT bcon_clone/views/default/create_qr.html: 0
[2014-10-02 17:17:42] EDIT bcon_clone/views/default/create_qr.html: 0
[2014-10-02 17:17:56] EDIT bcon_clone/views/default/create_qr.html: 0
[2014-10-02 17:18:30] EDIT bcon_clone/views/default/create_qr.html: 0
[2014-10-02 17:19:29] EDIT bcon_clone/views/default/create_qr.html: 3
[2014-10-02 17:19:40] EDIT bcon_clone/views/default/create_qr.html: 0
[2014-10-02 17:19:54] EDIT bcon_clone/views/default/create_qr.html: 0
[2014-10-02 17:20:01] EDIT bcon_clone/views/default/create_qr.html: 0
[2014-10-02 17:20:36] EDIT bcon_clone/views/default/create_qr.html: 1
[2014-10-02 17:20:37] EDIT bcon_clone/views/default/create_qr.html: 0
[2014-10-02 17:20:54] EDIT bcon_clone/views/default/create_qr.html: 0
[2014-10-02 17:21:08] EDIT bcon_clone/views/default/create_qr.html: 0
[2014-10-02 17:21:20] EDIT bcon_clone/views/default/create_qr.html: 0
[2014-10-02 17:21:30] EDIT bcon_clone/views/default/create_qr.html: 0
[2014-10-02 17:21:43] EDIT bcon_clone/views/default/create_qr.html: 0
[2014-10-02 17:21:59] EDIT bcon_clone/views/default/create_qr.html: 0
[2014-10-02 17:23:03] EDIT bcon_clone/views/default/create_qr.html: 0
[2014-10-02 17:23:42] EDIT bcon_clone/views/default/create_qr.html: 0
[2014-10-02 17:23:58] EDIT bcon_clone/views/default/create_qr.html: 2
[2014-10-02 17:24:24] EDIT bcon_clone/views/default/create_qr.html: 0
[2014-10-02 17:24:28] EDIT bcon_clone/views/default/create_qr.html: 0
[2014-10-02 17:25:01] EDIT bcon_clone/views/default/create_qr.html: -2
[2014-10-02 17:25:12] EDIT bcon_clone/views/default/create_qr.html: 0
[2014-10-02 17:25:37] EDIT bcon_clone/views/default/create_qr.html: 0
[2014-10-02 17:26:12] EDIT bcon_clone/views/default/create_qr.html: 0
[2014-10-02 17:26:21] EDIT bcon_clone/views/default/create_qr.html: 0
[2014-10-02 17:26:23] EDIT bcon_clone/views/default/create_qr.html: 0
[2014-10-02 17:26:31] EDIT bcon_clone/views/default/create_qr.html: 0
[2014-10-02 17:26:38] EDIT bcon_clone/views/default/create_qr.html: 0
[2014-10-02 17:26:52] EDIT bcon_clone/views/default/create_qr.html: 0
[2014-10-02 17:27:21] EDIT bcon_clone/views/default/create_qr.html: 0
[2014-10-02 17:28:10] EDIT bcon_clone/views/default/create_qr.html: 0
[2014-10-02 17:38:13] EDIT bcon_clone/views/default/create_qr.html: 0
[2014-10-02 17:39:26] EDIT bcon_clone/views/default/create_qr.html: 2
[2014-10-02 17:40:32] EDIT bcon_clone/views/default/create_qr.html: 0
[2014-10-02 17:40:39] EDIT bcon_clone/views/default/create_qr.html: 5
[2014-10-02 17:40:40] EDIT bcon_clone/views/default/create_qr.html: 0
[2014-10-02 17:41:04] EDIT bcon_clone/views/default/create_qr.html: 0
[2014-10-02 17:41:40] EDIT bcon_clone/views/default/create_qr.html: 0
[2014-10-02 17:42:15] EDIT bcon_clone/views/default/create_qr.html: 0
[2014-10-02 17:43:02] EDIT bcon_clone/views/default/create_qr.html: -5
[2014-10-02 17:43:27] EDIT bcon_clone/views/default/create_qr.html: 2
[2014-10-02 17:43:40] EDIT bcon_clone/views/default/create_qr.html: -1
[2014-10-02 17:44:01] EDIT bcon_clone/views/default/create_qr.html: 3
[2014-10-02 17:45:04] EDIT bcon_clone/views/default/create_qr.html: 0
[2014-10-02 17:46:06] EDIT bcon_clone/views/default/create_qr.html: 1
[2014-10-02 17:46:30] EDIT bcon_clone/views/default/create_qr.html: 0
[2014-10-02 17:46:37] EDIT bcon_clone/views/default/create_qr.html: 0
[2014-10-02 17:47:21] EDIT bcon_clone/views/default/create_qr.html: 0
[2014-10-02 17:47:39] EDIT bcon_clone/views/default/create_qr.html: 3
[2014-10-02 17:48:27] EDIT bcon_clone/views/default/logged_in.html: -1
[2014-10-02 17:58:07] EDIT bcon_clone/views/default/scan.html: 15
[2014-10-02 17:58:18] EDIT bcon_clone/views/default/scan.html: 0
[2014-10-02 17:59:36] EDIT bcon_clone/views/default/create_qr.html: 1
[2014-10-02 18:00:56] EDIT bcon_clone/views/default/scan.html: 1
[2014-10-02 18:01:37] EDIT bcon_clone/views/default/scan.html: 0
[2014-10-02 18:02:04] EDIT bcon_clone/views/default/scan.html: -6
[2014-10-02 18:03:31] EDIT bcon_clone/views/default/scan.html: 0
[2014-10-02 18:05:04] EDIT bcon_clone/views/default/scan.html: 3
[2014-10-02 18:05:07] EDIT bcon_clone/views/default/scan.html: -3
[2014-10-02 18:06:45] EDIT bcon_clone/views/default/scan.html: 0
[2014-10-02 18:10:14] EDIT bcon_clone/views/default/scan.html: 7
[2014-10-02 18:15:30] EDIT bcon_clone/views/default/scan.html: -5
[2014-10-02 18:15:45] EDIT bcon_clone/views/default/scan.html: -2
[2014-10-02 18:18:24] EDIT bcon_clone/views/default/scan.html: 1
[2014-10-02 18:18:44] EDIT bcon_clone/views/default/scan.html: 0
[2014-10-02 18:19:20] EDIT bcon_clone/views/default/scan.html: 0
[2014-10-02 18:19:58] EDIT bcon_clone/views/default/scan.html: 0
[2014-10-02 18:20:21] EDIT bcon_clone/views/default/scan.html: -1
[2014-10-02 18:20:41] EDIT bcon_clone/views/default/scan.html: 0
[2014-10-02 18:21:41] EDIT bcon_clone/views/default/scan.html: -9
[2014-10-02 18:22:25] EDIT bcon_clone/views/default/scan.html: -8
[2014-10-02 18:22:35] EDIT bcon_clone/views/default/scan.html: 1
[2014-10-02 18:29:28] EDIT bcon_clone/views/default/create_qr.html: 1
[2014-10-02 18:29:59] EDIT bcon_clone/views/default/create_qr.html: 0
[2014-10-02 18:30:27] EDIT bcon_clone/views/default/create_qr.html: -4
[2014-10-02 18:31:12] CREATE default/print.html: 0
[2014-10-02 18:32:46] EDIT bcon_clone/views/default/create_qr.html: 6
[2014-10-02 18:33:19] EDIT bcon_clone/views/default/create_qr.html: 0
[2014-10-02 18:33:32] EDIT bcon_clone/views/default/create_qr.html: -6
[2014-10-02 18:33:56] EDIT bcon_clone/views/default/create_qr.html: 0
[2014-10-02 18:34:30] EDIT bcon_clone/views/default/create_qr.html: 0
[2014-10-02 18:35:39] EDIT bcon_clone/views/default/create_qr.html: 2
[2014-10-02 18:35:55] EDIT bcon_clone/views/default/create_qr.html: 0
[2014-10-02 18:36:09] EDIT bcon_clone/views/default/create_qr.html: 0
[2014-10-02 18:36:21] EDIT bcon_clone/views/default/create_qr.html: 0
[2014-10-02 18:36:37] EDIT bcon_clone/views/default/create_qr.html: 0
[2014-10-02 18:36:45] EDIT bcon_clone/views/default/create_qr.html: 0
[2014-10-02 18:37:15] EDIT bcon_clone/views/default/create_qr.html: -3
[2014-10-02 18:37:34] EDIT bcon_clone/views/default/create_qr.html: 0
[2014-10-02 18:37:34] EDIT bcon_clone/views/default/create_qr.html: 0
[2014-10-02 18:37:50] EDIT bcon_clone/views/default/create_qr.html: 0
[2014-10-02 18:37:58] EDIT bcon_clone/views/default/create_qr.html: -2
[2014-10-02 18:38:08] EDIT bcon_clone/views/default/create_qr.html: 0
[2014-10-02 18:38:18] EDIT bcon_clone/views/default/create_qr.html: 0
[2014-10-02 18:39:24] EDIT bcon_clone/views/default/create_qr.html: 0
[2014-10-02 18:43:31] EDIT bcon_clone/controllers/default.py: 0
[2014-10-02 18:44:26] EDIT bcon_clone/controllers/default.py: 0
[2014-10-02 18:44:46] EDIT bcon_clone/controllers/default.py: 0
[2014-10-02 18:54:53] EDIT bcon_clone/views/default/index.html: -30
[2014-10-02 18:55:04] EDIT bcon_clone/views/default/index.html: -1
[2014-10-02 18:56:41] EDIT bcon_clone/views/default/index.html: 3
[2014-10-02 18:59:35] EDIT bcon_clone/views/default/index.html: 6
[2014-10-02 18:59:48] EDIT bcon_clone/views/default/index.html: 0
[2014-10-02 19:00:18] EDIT bcon_clone/views/default/index.html: 0
[2014-10-02 19:00:37] EDIT bcon_clone/views/default/index.html: 0
[2014-10-02 19:01:27] EDIT bcon_clone/views/default/index.html: 0
[2014-10-02 19:01:56] EDIT bcon_clone/views/default/index.html: 0
[2014-10-02 19:02:30] EDIT bcon_clone/views/default/index.html: 2
[2014-10-02 19:08:16] EDIT bcon_clone/views/default/index.html: 2
[2014-10-02 19:08:26] EDIT bcon_clone/views/default/index.html: 3
[2014-10-02 19:11:01] EDIT bcon_clone/views/default/index.html: 27
[2014-10-02 19:16:55] EDIT bcon_clone/views/default/view_profile.html: 1
[2014-10-02 19:17:08] EDIT bcon_clone/views/default/view_profile.html: 0
[2014-10-02 19:17:29] EDIT bcon_clone/views/default/view_profile.html: 0
[2014-10-02 19:21:04] EDIT bcon_clone/views/default/view_profile.html: 0
[2014-10-02 19:21:37] EDIT bcon_clone/views/default/view_profile.html: 0
[2014-10-02 19:22:11] EDIT bcon_clone/views/default/view_profile.html: 0
[2014-10-02 19:23:43] EDIT bcon_clone/views/default/scan.html: 0
[2014-10-02 19:24:16] EDIT bcon_clone/controllers/default.py: 0
[2014-10-02 19:25:36] EDIT bcon_clone/models/menu.py: 0
[2014-10-02 19:26:04] EDIT bcon_clone/models/menu.py: 0
[2014-10-02 19:27:26] EDIT bcon_clone/models/menu.py: 3
[2014-10-02 19:28:01] EDIT bcon_clone/models/menu.py: 0
[2014-10-02 19:28:45] EDIT bcon_clone/controllers/default.py: 0
[2014-10-02 19:28:58] EDIT bcon_clone/views/default/create_qr.html: 0
[2014-10-02 19:29:00] EDIT bcon_clone/views/default/create_qr.html: 0
[2014-10-02 19:30:05] EDIT bcon_clone/views/default/create_qr.html: 0
[2014-10-02 19:31:58] EDIT bcon_clone/views/default/create_qr.html: 0
[2014-10-02 19:49:23] EDIT bcon_clone/models/db.py: -2
[2014-10-02 19:51:51] EDIT bcon_clone/controllers/default.py: 1
[2014-10-02 20:02:04] EDIT bcon_clone/views/default/scan.html: 16
[2014-10-02 20:05:58] EDIT bcon_clone/views/default/scan.html: 0
[2014-10-02 20:06:26] EDIT bcon_clone/views/default/scan.html: 0
[2014-10-02 20:07:08] EDIT bcon_clone/views/default/scan.html: 0
[2014-10-02 20:07:24] EDIT bcon_clone/views/default/scan.html: 0
[2014-10-02 20:09:58] EDIT bcon_clone/views/default/scan.html: 0
[2014-10-02 20:10:31] EDIT bcon_clone/views/default/scan.html: 0
[2014-10-02 20:10:51] EDIT bcon_clone/views/default/scan.html: 0
[2014-10-02 20:12:52] EDIT bcon_clone/views/default/scan.html: 0
[2014-10-02 20:13:06] EDIT bcon_clone/views/default/scan.html: 0
[2014-10-02 20:13:45] EDIT bcon_clone/views/default/scan.html: 0
[2014-10-02 20:14:09] EDIT bcon_clone/views/default/scan.html: 0
[2014-10-02 20:14:22] EDIT bcon_clone/views/default/scan.html: 0
[2014-10-02 20:14:23] EDIT bcon_clone/views/default/scan.html: 0
[2014-10-02 20:16:15] EDIT bcon_clone/views/default/scan.html: 0
[2014-10-02 20:16:28] EDIT bcon_clone/views/default/scan.html: 3
[2014-10-02 20:16:48] EDIT bcon_clone/views/default/scan.html: -1
[2014-10-02 20:17:47] EDIT bcon_clone/views/default/scan.html: -2
[2014-10-02 20:18:18] EDIT bcon_clone/views/default/scan.html: 0
[2014-10-02 20:18:42] EDIT bcon_clone/views/default/scan.html: 0
[2014-10-02 20:22:19] EDIT bcon_clone/views/default/scan.html: 0
[2014-10-02 20:22:50] EDIT bcon_clone/views/default/scan.html: 0
[2014-10-02 20:23:32] EDIT bcon_clone/views/default/scan.html: 0
[2014-10-02 20:24:17] EDIT bcon_clone/views/default/scan.html: 0
[2014-10-02 20:24:45] EDIT bcon_clone/views/default/scan.html: 0
[2014-10-02 20:31:00] EDIT bcon_clone/views/default/scan.html: 0
[2014-10-02 20:31:57] EDIT bcon_clone/views/default/scan.html: 0
[2014-10-02 20:32:25] EDIT bcon_clone/views/default/scan.html: 0
[2014-10-02 20:33:16] EDIT bcon_clone/views/default/scan.html: 0
[2014-10-02 20:34:02] EDIT bcon_clone/views/default/scan.html: 0
[2014-10-02 20:34:09] EDIT bcon_clone/views/default/scan.html: 0
[2014-10-02 20:36:19] EDIT bcon_clone/views/default/scan.html: 3
[2014-10-02 20:37:39] EDIT bcon_clone/views/default/scan.html: 0
[2014-10-02 20:38:00] EDIT bcon_clone/views/default/scan.html: 1
[2014-10-02 20:38:05] EDIT bcon_clone/views/default/scan.html: 0
[2014-10-02 20:38:08] EDIT bcon_clone/views/default/scan.html: 0
[2014-10-02 20:38:42] EDIT bcon_clone/views/default/scan.html: 0
[2014-10-02 20:39:11] EDIT bcon_clone/views/default/scan.html: 0
[2014-10-02 20:39:24] EDIT bcon_clone/views/default/scan.html: 0
[2014-10-02 20:39:38] EDIT bcon_clone/views/default/scan.html: 0
[2014-10-02 20:39:41] EDIT bcon_clone/views/default/scan.html: 0
[2014-10-02 20:40:32] EDIT bcon_clone/views/default/scan.html: 0
[2014-10-02 20:40:53] EDIT bcon_clone/views/default/scan.html: 0
[2014-10-02 20:42:20] EDIT bcon_clone/views/default/scan.html: 0
[2014-10-02 20:43:22] EDIT bcon_clone/views/default/scan.html: 2
[2014-10-02 20:43:27] EDIT bcon_clone/views/default/scan.html: 0
[2014-10-02 20:43:40] EDIT bcon_clone/views/default/scan.html: 0
[2014-10-02 20:43:52] EDIT bcon_clone/views/default/scan.html: 0
[2014-10-02 20:44:25] EDIT bcon_clone/views/default/scan.html: 0
[2014-10-02 20:46:20] EDIT bcon_clone/views/default/scan.html: 1
[2014-10-02 20:46:32] EDIT bcon_clone/views/default/scan.html: 0
[2014-10-02 20:46:47] EDIT bcon_clone/views/default/scan.html: 0
[2014-10-02 20:46:56] EDIT bcon_clone/views/default/scan.html: 0
[2014-10-02 20:49:56] EDIT bcon_clone/views/default/logged_in.html: 0
[2014-10-02 20:49:58] EDIT bcon_clone/views/default/logged_in.html: 0
[2014-10-02 20:50:55] EDIT bcon_clone/views/default/edit_profile.html: 0
[2014-10-02 20:51:09] EDIT bcon_clone/views/default/edit_profile.html: 0
[2014-10-02 20:51:28] EDIT bcon_clone/views/default/edit_profile.html: 0
[2014-10-02 20:51:40] EDIT bcon_clone/views/default/edit_profile.html: 0
[2014-10-02 20:52:39] EDIT bcon_clone/views/default/logged_in.html: 0
[2014-10-02 20:53:10] EDIT bcon_clone/views/default/logged_in.html: 0
[2014-10-02 20:53:30] EDIT bcon_clone/views/default/index.html: 0
[2014-10-02 21:04:59] DELETE bcon_clone/views/default/create_qr.html.1: -26
[2014-10-02 21:05:06] DELETE bcon_clone/views/default/logged_in.html.1: -46
[2014-10-02 21:05:49] EDIT bcon_clone/views/default/index.html: -1
[2014-10-02 21:07:55] EDIT bcon_clone/views/default/index.html: 0
[2014-10-03 13:27:05] EDIT bcon_clone/controllers/default.py: -4
[2014-10-03 13:27:22] EDIT bcon_clone/views/default/create_profile.html: 1
[2014-10-03 13:27:59] EDIT bcon_clone/controllers/default.py: 4
[2014-10-03 13:28:19] EDIT bcon_clone/views/default/edit_profile.html: 1
[2014-10-03 13:28:30] EDIT bcon_clone/views/default/edit_profile.html: -1
[2014-10-03 13:28:40] EDIT bcon_clone/views/default/edit_profile.html: 0
[2014-10-03 13:28:49] EDIT bcon_clone/views/default/edit_profile.html: 0
[2014-10-03 13:29:04] EDIT bcon_clone/views/default/edit_profile.html: 0
